2024-04-18T01:01:29+00:00 DEBUG POST: https://ads.tiktok.com/marketing_api/api/developer/app/create_auto_approve/

{"business_platform":"PROD","smb_id":"tt4b_woocommerce_662070e9eb521httpunironic-apparellocalwp-admin","smb_name":"PROD","redirect_url":"http:\/\/unironic-apparel.local\/wp-admin\/"}
 ajax: no
2024-04-18T01:01:30+00:00 DEBUG Tt4b_Mapi_Class::create_open_source_app: Response: 

HTTP/1.1 502 Bad Gateway
Content-Type: text/plain; charset=utf-8
Content-Length: 119
X-Tt-Logid: 20240418010128FDB2D7102E66BC19194E
Strict-Transport-Security: max-age=31536000; includeSubDomains
x-tt-trace-host: 01a07e6474986bc7462d070b32c6034d4c6603b5003a596147725ec7dbed93da00fbd1b58035fea305593a0588988dc5c63a7f9204444f83d7fd1dcbab997eef5021182cc8045bf1e6bc295133e108579abc68982a631b91f4e750c2586f67bf091f6fff4d7bb18aa063ece83e84521b2d
x-tt-trace-id: 00-240418010128FDB2D7102E66BC19194E-542B9145589A5B9A-00
Server: TLB
X-Origin-Response-Time: 14,23.44.214.13
X-Akamai-Request-ID: 4aafd7a3.82c63e17
Date: Thu, 18 Apr 2024 01:01:30 GMT
X-Cache: TCP_MISS from a23-1-104-200.deploy.akamaitechnologies.com (AkamaiGHost/11.4.5-55391218) (-)
Connection: close
X-Cache-Remote: TCP_MISS from a23-44-214-13.deploy.akamaitechnologies.com (AkamaiGHost/11.4.5-55391218) (-)
x-tt-trace-tag: id=16;cdn-cache=miss;type=dyn
Server-Timing: cdn-cache; desc=MISS, edge; dur=675, origin; dur=14
Server-Timing: inner; dur=8
X-Parent-Response-Time: 685,23.1.104.200

Bad Gateway | KRAKEND.BACKEND/3 - request failed/320202:connection is closed by peer while being in the connection pool

2024-04-18T01:01:32+00:00 DEBUG Tt4b_Mapi_Class::create_open_source_app: Response: 

HTTP/1.1 200 OK
Content-Type: application/json
X-Tt-Logid: 2024041801012915DD642B46D3F6194035,2024041801012915DD642B46D3F6194035
Strict-Transport-Security: max-age=31536000; includeSubDomains
Server-Timing: inner; dur=194
x-tt-trace-host: 01a07e6474986bc7462d070b32c6034d4c2b973d62e8dfea9d4234a487596a9247a2417e1cd63de95db35a9d8839f732ae56215f8314cf8ce051101947e0680045a87a172be41cd1542669fd1f22e4d2f9d728b2fd70114401491a50a5517a930d
x-tt-trace-id: 00-24041801012915DD642B46D3F6194035-435317B0243F151D-00
Server: TLB
Content-Encoding: gzip
Date: Thu, 18 Apr 2024 01:01:31 GMT
Content-Length: 208
X-Cache: TCP_MISS from a23-1-104-200.deploy.akamaitechnologies.com (AkamaiGHost/11.4.5-55391218) (-)
Connection: close
Vary: Accept-Encoding
x-tt-trace-tag: id=16;cdn-cache=miss;type=dyn
Server-Timing: cdn-cache; desc=MISS, edge; dur=2, origin; dur=1082
X-Origin-Response-Time: 1082,23.1.104.200
X-Akamai-Request-ID: 82c6710a

{"code":0,"msg":"ok","data":{"redirect_uri":"http:\/\/unironic-apparel.local\/wp-admin\/","app_id":"7359005945793347591","external_data_key":"b5437317-5ef4-40b4-afec-fcf5be9e31a0","app_secret":"66d15a0e1ae583815e52f247c863fb621e3649cd"}}

2024-04-18T02:13:44+00:00 DEBUG tt4b_product_delete: missing access token for tt4b_product_sync
2024-04-18T02:13:44+00:00 DEBUG tt4b_product_delete: missing access token for tt4b_product_sync
2024-04-18T02:13:44+00:00 DEBUG tt4b_product_delete: missing access token for tt4b_product_sync
2024-04-18T02:13:44+00:00 DEBUG tt4b_product_delete: missing access token for tt4b_product_sync
2024-04-18T02:13:44+00:00 DEBUG tt4b_product_delete: missing access token for tt4b_product_sync
2024-04-18T02:13:44+00:00 DEBUG tt4b_product_delete: missing access token for tt4b_product_sync
2024-04-18T03:21:47+00:00 DEBUG Tt4b_Pixel_Class::inject_view_content_event: hit ViewContent
2024-04-18T03:21:47+00:00 DEBUG Tt4b_Pixel_Class::inject_view_content_event: Missing option "access_token"
2024-04-18T03:22:29+00:00 DEBUG Tt4b_Pixel_Class::inject_view_content_event: hit ViewContent
2024-04-18T03:22:29+00:00 DEBUG Tt4b_Pixel_Class::inject_view_content_event: Missing option "access_token"
2024-04-18T03:24:54+00:00 DEBUG Tt4b_Pixel_Class::inject_view_content_event: hit ViewContent
2024-04-18T03:24:54+00:00 DEBUG Tt4b_Pixel_Class::inject_view_content_event: Missing option "access_token"
2024-04-18T03:25:18+00:00 DEBUG Tt4b_Pixel_Class::inject_view_content_event: hit ViewContent
2024-04-18T03:25:18+00:00 DEBUG Tt4b_Pixel_Class::inject_view_content_event: Missing option "access_token"
2024-04-18T03:25:55+00:00 DEBUG Tt4b_Pixel_Class::inject_view_content_event: hit ViewContent
2024-04-18T03:25:55+00:00 DEBUG Tt4b_Pixel_Class::inject_view_content_event: Missing option "access_token"
2024-04-18T03:28:59+00:00 DEBUG Tt4b_Pixel_Class::inject_view_content_event: hit ViewContent
2024-04-18T03:28:59+00:00 DEBUG Tt4b_Pixel_Class::inject_view_content_event: Missing option "access_token"
2024-04-18T03:29:01+00:00 DEBUG Tt4b_Pixel_Class::inject_view_content_event: hit ViewContent
2024-04-18T03:29:01+00:00 DEBUG Tt4b_Pixel_Class::inject_view_content_event: Missing option "access_token"
2024-04-18T03:29:02+00:00 DEBUG Tt4b_Pixel_Class::inject_view_content_event: hit ViewContent
2024-04-18T03:29:02+00:00 DEBUG Tt4b_Pixel_Class::inject_view_content_event: Missing option "access_token"
2024-04-18T03:31:47+00:00 DEBUG Tt4b_Pixel_Class::inject_view_content_event: hit ViewContent
2024-04-18T03:31:47+00:00 DEBUG Tt4b_Pixel_Class::inject_view_content_event: Missing option "access_token"
2024-04-18T12:03:29+00:00 DEBUG Tt4b_Pixel_Class::inject_view_content_event: hit ViewContent
2024-04-18T12:03:29+00:00 DEBUG Tt4b_Pixel_Class::inject_view_content_event: Missing option "access_token"
2024-04-18T12:05:47+00:00 DEBUG Tt4b_Pixel_Class::inject_view_content_event: hit ViewContent
2024-04-18T12:05:47+00:00 DEBUG Tt4b_Pixel_Class::inject_view_content_event: Missing option "access_token"
2024-04-18T12:08:53+00:00 DEBUG Tt4b_Pixel_Class::inject_view_content_event: hit ViewContent
2024-04-18T12:08:53+00:00 DEBUG Tt4b_Pixel_Class::inject_view_content_event: Missing option "access_token"
2024-04-18T12:29:28+00:00 DEBUG Tt4b_Pixel_Class::inject_view_content_event: hit ViewContent
2024-04-18T12:29:28+00:00 DEBUG Tt4b_Pixel_Class::inject_view_content_event: Missing option "access_token"
2024-04-18T12:29:56+00:00 DEBUG Tt4b_Pixel_Class::inject_view_content_event: hit ViewContent
2024-04-18T12:29:56+00:00 DEBUG Tt4b_Pixel_Class::inject_view_content_event: Missing option "access_token"
2024-04-18T12:30:35+00:00 DEBUG Tt4b_Pixel_Class::inject_view_content_event: hit ViewContent
2024-04-18T12:30:35+00:00 DEBUG Tt4b_Pixel_Class::inject_view_content_event: Missing option "access_token"
2024-04-18T12:34:41+00:00 DEBUG Tt4b_Pixel_Class::inject_add_to_cart_event: hit AddToCart
2024-04-18T12:34:41+00:00 DEBUG Tt4b_Pixel_Class::inject_add_to_cart_event: Missing option "access_token"
2024-04-18T14:40:40+00:00 DEBUG Tt4b_Pixel_Class::inject_purchase_event: hit Purchase
2024-04-18T14:40:40+00:00 DEBUG Tt4b_Pixel_Class::inject_purchase_event: Missing option "access_token"
2024-04-18T14:47:34+00:00 DEBUG POST: https://business-api.tiktok.com/tbp/v2.0/business_profile/disconnect?external_data=

{"business_platform":"WOO_COMMERCE","external_business_id":"tt4b_woocommerce_662070e9eb521"}
 ajax: no
2024-04-18T14:47:35+00:00 DEBUG Tt4b_Mapi_Class::tbp_post: Response: 

HTTP/1.1 200 OK
Content-Type: application/json; charset=utf-8
Content-Length: 95
X-Api-Deprecation-Info: API for Business Version 1.3 is now live. To avoid disruption to your business, we recommend you migrate all calls to v1.3 as soon as possible. Please visit our migration guide for more details: https://ads.tiktok.com/marketing_api/docs?id=1740029169927169
X-Domain-Change-Info: We have moved to the new domain business-api.tiktok.com for API services after the Platform Upgrade on 09/30/2021. Please update all of your requests with the new domain if you haven't done so already. For more information, please visit https://ads.tiktok.com/marketing_api/docs?rid=esb88xalm6m&id=1709207085043713
X-Tt-Logid: 20240418144732D6877E97B8AE131BB620
x-tt-trace-host: 011ee5f0c37955069e3ecce175e213aec0fe85b8a2994332d3be468099d3fb12daf68c7873d49614cadb82773d7493afcaa7c12e146b502308326d0372c761830529394b03d684e9e0656fab681b657dd67bb940e77100d8f533b6f2634930cfded480c899dbdec7752573a3f4a310793b
x-tt-trace-id: 00-240418144732D6877E97B8AE131BB620-3B9583C015A6D2B9-00
Server: TLB
X-Origin-Response-Time: 17,23.211.140.95
X-Akamai-Request-ID: 8e20dd4d.1c483dbf
Expires: Thu, 18 Apr 2024 14:47:33 GMT
Cache-Control: max-age=0, no-cache, no-store
Pragma: no-cache
Date: Thu, 18 Apr 2024 14:47:33 GMT
X-Cache: TCP_MISS from a23-207-216-137.deploy.akamaitechnologies.com (AkamaiGHost/11.4.5-55502997) (-)
Connection: close
X-Cache-Remote: TCP_MISS from a23-211-140-95.deploy.akamaitechnologies.com (AkamaiGHost/11.4.5-55502997) (-)
x-tt-trace-tag: id=16;cdn-cache=miss;type=dyn
Server-Timing: cdn-cache; desc=MISS, edge; dur=210, origin; dur=17
Server-Timing: inner; dur=13
X-Parent-Response-Time: 226,23.207.216.137

{"code":40001,"message":"Permission denied.","request_id":"20240418144732D6877E97B8AE131BB620"}

2024-04-18T14:47:35+00:00 DEBUG POST: https://business-api.tiktok.com/tbp/v2.0/shop/connection/disconnect?external_data=

--- EMPTY STRING ---
 ajax: no
2024-04-18T14:47:35+00:00 DEBUG Tt4b_Mapi_Class::tts_shop_disconnect: Response: 

HTTP/1.1 200 OK
Content-Type: application/json; charset=utf-8
Content-Length: 95
X-Api-Deprecation-Info: API for Business Version 1.3 is now live. To avoid disruption to your business, we recommend you migrate all calls to v1.3 as soon as possible. Please visit our migration guide for more details: https://ads.tiktok.com/marketing_api/docs?id=1740029169927169
X-Domain-Change-Info: We have moved to the new domain business-api.tiktok.com for API services after the Platform Upgrade on 09/30/2021. Please update all of your requests with the new domain if you haven't done so already. For more information, please visit https://ads.tiktok.com/marketing_api/docs?rid=esb88xalm6m&id=1709207085043713
X-Tt-Logid: 2024041814473216D5D6F9B54386131842
x-tt-trace-host: 011ee5f0c37955069e3ecce175e213aec0755c27b3bc7a173a8a3ca9353de53323f281cb0eb4bb28d76c4d1b1e73d7c04f0c01151c776798691d74c6a9d0e2e365480ccb417a684271ba8b52bac2775352db8529b65e56a97f970b72af344581d0d82336f02a955183b79341dd4433afcb
x-tt-trace-id: 00-24041814473216D5D6F9B54386131842-49AEC4221C702E06-00
Server: TLB
X-Origin-Response-Time: 21,184.85.101.77
X-Akamai-Request-ID: 646d045d.1c484472
Expires: Thu, 18 Apr 2024 14:47:33 GMT
Cache-Control: max-age=0, no-cache, no-store
Pragma: no-cache
Date: Thu, 18 Apr 2024 14:47:33 GMT
X-Cache: TCP_MISS from a23-207-216-137.deploy.akamaitechnologies.com (AkamaiGHost/11.4.5-55502997) (-)
Connection: close
X-Cache-Remote: TCP_MISS from a184-85-101-77.deploy.akamaitechnologies.com (AkamaiGHost/11.4.5-55502997) (-)
x-tt-trace-tag: id=16;cdn-cache=miss;type=dyn
Server-Timing: cdn-cache; desc=MISS, edge; dur=219, origin; dur=20
Server-Timing: inner; dur=13
X-Parent-Response-Time: 238,23.207.216.137

{"code":40001,"message":"Permission denied.","request_id":"2024041814473216D5D6F9B54386131842"}

2024-04-18T14:47:36+00:00 DEBUG POST: https://business-api.tiktok.com/tbp/v2.0/business_profile/disconnect?external_data=

{"business_platform":"WOO_COMMERCE","external_business_id":"tt4b_woocommerce_662070e9eb521"}
 ajax: no
2024-04-18T14:47:36+00:00 DEBUG Tt4b_Mapi_Class::tbp_post: Response: 

HTTP/1.1 200 OK
Content-Type: application/json; charset=utf-8
Content-Length: 95
X-Api-Deprecation-Info: API for Business Version 1.3 is now live. To avoid disruption to your business, we recommend you migrate all calls to v1.3 as soon as possible. Please visit our migration guide for more details: https://ads.tiktok.com/marketing_api/docs?id=1740029169927169
X-Domain-Change-Info: We have moved to the new domain business-api.tiktok.com for API services after the Platform Upgrade on 09/30/2021. Please update all of your requests with the new domain if you haven't done so already. For more information, please visit https://ads.tiktok.com/marketing_api/docs?rid=esb88xalm6m&id=1709207085043713
X-Tt-Logid: 20240418144733D6877E97B8AE131BB6F3
x-tt-trace-host: 011ee5f0c37955069e3ecce175e213aec0fe85b8a2994332d3be468099d3fb12daf68c7873d49614cadb82773d7493afcaa7c12e146b502308326d0372c761830529394b03d684e9e0656fab681b657dd6232a72cddf77adedfbe64f21b0b729879bb5257812beb3b9744d0bb76fd85960
x-tt-trace-id: 00-240418144733D6877E97B8AE131BB6F3-3B9583C015A6D605-00
Server: TLB
X-Origin-Response-Time: 16,23.211.140.95
X-Akamai-Request-ID: 8e226a0d.1c485df3
Expires: Thu, 18 Apr 2024 14:47:34 GMT
Cache-Control: max-age=0, no-cache, no-store
Pragma: no-cache
Date: Thu, 18 Apr 2024 14:47:34 GMT
X-Cache: TCP_MISS from a23-207-216-137.deploy.akamaitechnologies.com (AkamaiGHost/11.4.5-55502997) (-)
Connection: close
X-Cache-Remote: TCP_MISS from a23-211-140-95.deploy.akamaitechnologies.com (AkamaiGHost/11.4.5-55502997) (-)
x-tt-trace-tag: id=16;cdn-cache=miss;type=dyn
Server-Timing: cdn-cache; desc=MISS, edge; dur=210, origin; dur=15
Server-Timing: inner; dur=12
X-Parent-Response-Time: 225,23.207.216.137

{"code":40001,"message":"Permission denied.","request_id":"20240418144733D6877E97B8AE131BB6F3"}

2024-04-18T14:47:36+00:00 DEBUG POST: https://business-api.tiktok.com/tbp/v2.0/shop/connection/disconnect?external_data=

--- EMPTY STRING ---
 ajax: no
2024-04-18T14:47:37+00:00 DEBUG Tt4b_Mapi_Class::tts_shop_disconnect: Response: 

HTTP/1.1 200 OK
Content-Type: application/json; charset=utf-8
Content-Length: 95
X-Api-Deprecation-Info: API for Business Version 1.3 is now live. To avoid disruption to your business, we recommend you migrate all calls to v1.3 as soon as possible. Please visit our migration guide for more details: https://ads.tiktok.com/marketing_api/docs?id=1740029169927169
X-Domain-Change-Info: We have moved to the new domain business-api.tiktok.com for API services after the Platform Upgrade on 09/30/2021. Please update all of your requests with the new domain if you haven't done so already. For more information, please visit https://ads.tiktok.com/marketing_api/docs?rid=esb88xalm6m&id=1709207085043713
X-Tt-Logid: 2024041814473434D315774F44A01B7A7D
x-tt-trace-host: 011ee5f0c37955069e3ecce175e213aec0755c27b3bc7a173a8a3ca9353de53323f281cb0eb4bb28d76c4d1b1e73d7c04f0c01151c776798691d74c6a9d0e2e365d08d4334e6e5d9d9316807d364712ccc38ae6b437d693f32767883e036531eba6f913c296a671ea9cbdfd04dea2d6ad2
x-tt-trace-id: 00-24041814473434D315774F44A01B7A7D-7C6EBA7536602455-00
Server: TLB
X-Origin-Response-Time: 20,184.85.101.77
X-Akamai-Request-ID: 647092ed.1c486424
Expires: Thu, 18 Apr 2024 14:47:35 GMT
Cache-Control: max-age=0, no-cache, no-store
Pragma: no-cache
Date: Thu, 18 Apr 2024 14:47:35 GMT
X-Cache: TCP_MISS from a23-207-216-137.deploy.akamaitechnologies.com (AkamaiGHost/11.4.5-55502997) (-)
Connection: close
X-Cache-Remote: TCP_MISS from a184-85-101-77.deploy.akamaitechnologies.com (AkamaiGHost/11.4.5-55502997) (-)
x-tt-trace-tag: id=16;cdn-cache=miss;type=dyn
Server-Timing: cdn-cache; desc=MISS, edge; dur=226, origin; dur=20
Server-Timing: inner; dur=12
X-Parent-Response-Time: 246,23.207.216.137

{"code":40001,"message":"Permission denied.","request_id":"2024041814473434D315774F44A01B7A7D"}

